<?xml version="1.0" encoding="UTF-8"?>
<robot generator="Robot 3.2.1 (Python 3.8.2 on win32)" generated="20200518 11:08:54.291" rpa="false">
<suite id="s1" name="TestSuite1" source="C:\Users\lvlong\eclipse-workspace\demoRoF\test\TestSuite1.robot">
<kw name="Log" library="BuiltIn" type="setup">
<doc>Logs the given message with the given level.</doc>
<arguments>
<arg>I am inside Test Suite Setup</arg>
</arguments>
<msg timestamp="20200518 11:08:54.631" level="INFO">I am inside Test Suite Setup</msg>
<status status="PASS" starttime="20200518 11:08:54.631" endtime="20200518 11:08:54.631"></status>
</kw>
<test id="s1-t1" name="MySecondTest">
<kw name="Log" library="BuiltIn" type="setup">
<doc>Logs the given message with the given level.</doc>
<arguments>
<arg>I am inside Test Setup</arg>
</arguments>
<msg timestamp="20200518 11:08:54.632" level="INFO">I am inside Test Setup</msg>
<status status="PASS" starttime="20200518 11:08:54.632" endtime="20200518 11:08:54.632"></status>
</kw>
<kw name="Log" library="BuiltIn">
<doc>Logs the given message with the given level.</doc>
<arguments>
<arg>I am inside second test</arg>
</arguments>
<msg timestamp="20200518 11:08:54.633" level="INFO">I am inside second test</msg>
<status status="PASS" starttime="20200518 11:08:54.633" endtime="20200518 11:08:54.633"></status>
</kw>
<kw name="Set Tags" library="BuiltIn">
<doc>Adds given ``tags`` for the current test or all tests in a suite.</doc>
<arguments>
<arg>regresion1</arg>
</arguments>
<msg timestamp="20200518 11:08:54.634" level="INFO">Set tag 'regresion1'.</msg>
<status status="PASS" starttime="20200518 11:08:54.634" endtime="20200518 11:08:54.634"></status>
</kw>
<kw name="Remove Tags" library="BuiltIn">
<doc>Removes given ``tags`` from the current test or all tests in a suite.</doc>
<arguments>
<arg>regresion1</arg>
</arguments>
<msg timestamp="20200518 11:08:54.635" level="INFO">Removed tag 'regresion1'.</msg>
<status status="PASS" starttime="20200518 11:08:54.635" endtime="20200518 11:08:54.635"></status>
</kw>
<kw name="Log" library="BuiltIn" type="teardown">
<doc>Logs the given message with the given level.</doc>
<arguments>
<arg>I am inside Test Teardown</arg>
</arguments>
<msg timestamp="20200518 11:08:54.636" level="INFO">I am inside Test Teardown</msg>
<status status="PASS" starttime="20200518 11:08:54.636" endtime="20200518 11:08:54.636"></status>
</kw>
<tags>
<tag>example</tag>
</tags>
<status status="PASS" starttime="20200518 11:08:54.631" endtime="20200518 11:08:54.636" critical="yes"></status>
</test>
<kw name="Log" library="BuiltIn" type="teardown">
<doc>Logs the given message with the given level.</doc>
<arguments>
<arg>I am inside Test Suite Teardown</arg>
</arguments>
<msg timestamp="20200518 11:08:54.638" level="INFO">I am inside Test Suite Teardown</msg>
<status status="PASS" starttime="20200518 11:08:54.638" endtime="20200518 11:08:54.638"></status>
</kw>
<status status="PASS" starttime="20200518 11:08:54.298" endtime="20200518 11:08:54.638"></status>
</suite>
<statistics>
<total>
<stat pass="1" fail="0">Critical Tests</stat>
<stat pass="1" fail="0">All Tests</stat>
</total>
<tag>
<stat pass="1" fail="0">example</stat>
</tag>
<suite>
<stat pass="1" fail="0" id="s1" name="TestSuite1">TestSuite1</stat>
</suite>
</statistics>
<errors>
</errors>
</robot>
